{
   "Anonymous MainWidget": 
   {
       "Average": 25.019777,
       "CPU usage": 0.000001,
       "Cardinal": 271971,
       "Max": 8500,
       "Min": 0
   },
   "CentralWidget": 
   {
       "Average": 65.871841,
       "CPU usage": 0.000003,
       "Cardinal": 271971,
       "Max": 12200,
       "Min": 0
   },
   "Chunk size label": 
   {
       "Average": 35.916592,
       "CPU usage": 0.000002,
       "Cardinal": 271971,
       "Max": 11800,
       "Min": 0
   },
   "Chunk size selector": 
   {
       "Average": 38.928471,
       "CPU usage": 0.000002,
       "Cardinal": 271971,
       "Max": 9000,
       "Min": 0
   },
   "Chunk size selector - Value Displayer": 
   {
       "Average": 36.798527,
       "CPU usage": 0.000002,
       "Cardinal": 271971,
       "Max": 57000,
       "Min": 0
   },
   "FPSCounter": 
   {
       "Average": 3429.999756,
       "Cardinal": 18,
       "Max": 4380,
       "Min": 10
   },
   "HostGamePanel": 
   {
       "Average": 25.538431,
       "CPU usage": 0.000001,
       "Cardinal": 271971,
       "Max": 10900,
       "Min": 0
   },
   "Total program duration": 2107,
   "UPSCounter": 
   {
       "Average": 151095.015625,
       "Cardinal": 18,
       "Max": 199290,
       "Min": 133050
   },
   "Unnamed widget": 
   {
       "Average": 68.104446,
       "CPU usage": 0.000003,
       "Cardinal": 1087884,
       "Max": 16100,
       "Min": 0
   },
   "World name entry": 
   {
       "Average": 48.270721,
       "CPU usage": 0.000002,
       "Cardinal": 271971,
       "Max": 12300,
       "Min": 0
   },
   "World name label": 
   {
       "Average": 24.223936,
       "CPU usage": 0.000001,
       "Cardinal": 271971,
       "Max": 8600,
       "Min": 0
   }
}
